<?xml version="1.0" encoding="UTF-8"?>
<testsuite name="ru.stqa.pft.addressbook.tests.ContactCreationTests" tests="3" skipped="0" failures="0" errors="0" timestamp="2017-11-05T22:00:33" hostname="DESKTOP-SOIK35A" time="29.478">
  <properties/>
  <testcase name="testContactCreation[0](ContactData{id=0, firstname='firstname 0', lastname='lastname 0'})" classname="ru.stqa.pft.addressbook.tests.ContactCreationTests" time="11.164"/>
  <testcase name="testContactCreation[1](ContactData{id=0, firstname='firstname 1', lastname='lastname 1'})" classname="ru.stqa.pft.addressbook.tests.ContactCreationTests" time="8.797"/>
  <testcase name="testContactCreation[2](ContactData{id=0, firstname='firstname 2', lastname='lastname 2'})" classname="ru.stqa.pft.addressbook.tests.ContactCreationTests" time="9.515"/>
  <system-out><![CDATA[]]></system-out>
  <system-err><![CDATA[]]></system-err>
</testsuite>
