<?xml version="1.0" encoding="UTF-8"?>
<testsuite name="ru.stqa.pft.addressbook.tests.ContactAdressTests" tests="1" skipped="0" failures="0" errors="0" timestamp="2017-11-05T22:00:31" hostname="DESKTOP-SOIK35A" time="2.302">
  <properties/>
  <testcase name="testContactPhones" classname="ru.stqa.pft.addressbook.tests.ContactAdressTests" time="2.302"/>
  <system-out><![CDATA[]]></system-out>
  <system-err><![CDATA[]]></system-err>
</testsuite>
